Drill report for /home/tero/Documents/projects/kuutioprojekti/BLDC-controller/BLDC_controller.kicad_pcb
Created on ti 14. maaliskuuta 2017 23.47.08

Copper Layer Stackup:
    =============================================================
    L1 :  F.Cu                      front
    L2 :  In1.Cu                    inner1
    L3 :  In2.Cu                    inner2
    L4 :  B.Cu                      back


Drill file 'BLDC_controller.drl' contains
    plated through holes:
    =============================================================
    T1  0,40mm  0,016"  (353 holes)
    T2  0,80mm  0,031"  (2 holes)
    T3  1,00mm  0,039"  (16 holes)
    T4  1,50mm  0,059"  (5 holes)

    Total plated holes count 376


Drill file 'BLDC_controller-NPTH.drl' contains
    unplated through holes:
    =============================================================
    T1  2,70mm  0,106"  (4 holes)

    Total unplated holes count 4
